{
  "RSpec": {
    "coverage": {
      "/Users/jscag/Development/code/flatiron/rails/swiss-mtg/app/models/match.rb": [
        1,
        1,
        1,
        1,
        null,
        1,
        0,
        null,
        null,
        1,
        0,
        null,
        null,
        null
      ],
      "/Users/jscag/Development/code/flatiron/rails/swiss-mtg/app/models/player.rb": [
        1,
        1,
        1,
        null
      ],
      "/Users/jscag/Development/code/flatiron/rails/swiss-mtg/app/models/player_tournament.rb": [
        1,
        1,
        1,
        1,
        1,
        null,
        1,
        1,
        null,
        null,
        1,
        18,
        null,
        null,
        1,
        24,
        null,
        null,
        1,
        6,
        null,
        null,
        1,
        0,
        null,
        null,
        1,
        0,
        null,
        null,
        1,
        6,
        0,
        null,
        null,
        1,
        0,
        0,
        null,
        null,
        1,
        12,
        18,
        18,
        18,
        18,
        18,
        18,
        null,
        12,
        null,
        null,
        1,
        6,
        9,
        9,
        9,
        9,
        9,
        9,
        null,
        6,
        null,
        null,
        1,
        6,
        null,
        null,
        1,
        0,
        0,
        0,
        0,
        0,
        null,
        0,
        null,
        null,
        1,
        0,
        0,
        0,
        0,
        0,
        null,
        0,
        null,
        null,
        1,
        0,
        0,
        0,
        0,
        0,
        null,
        0,
        null,
        null,
        null,
        1,
        18,
        null,
        null,
        1,
        6,
        0,
        0,
        0,
        0,
        null,
        0,
        null,
        null,
        null,
        0,
        null,
        null,
        null,
        1,
        6,
        0,
        0,
        0,
        null,
        0,
        null,
        null,
        0,
        null,
        null,
        null,
        null,
        null,
        null,
        null,
        null
      ],
      "/Users/jscag/Development/code/flatiron/rails/swiss-mtg/app/models/tournament.rb": [
        1,
        1,
        1,
        1,
        1,
        1,
        null,
        1,
        9,
        9,
        9,
        9,
        9,
        null,
        null,
        1,
        0,
        0,
        0,
        null,
        null,
        1,
        0,
        null,
        null,
        1,
        6,
        null,
        6,
        null,
        null,
        null,
        5,
        null,
        1,
        null,
        0,
        null,
        0,
        null,
        0,
        null,
        0,
        null,
        0,
        null,
        0,
        null,
        6,
        null,
        null,
        1,
        9,
        7,
        null,
        2,
        null,
        9,
        31,
        3,
        3,
        null,
        31,
        null,
        null,
        null,
        1,
        2,
        2,
        6,
        2,
        2,
        null,
        0,
        null,
        null,
        null,
        1,
        8,
        null,
        null,
        1,
        0,
        0,
        null,
        null,
        1,
        0,
        null,
        null,
        1,
        0,
        0,
        null,
        null,
        1,
        0,
        null,
        null,
        1,
        null,
        null,
        null,
        null,
        null,
        null,
        null,
        1,
        0,
        null,
        null,
        null
      ],
      "/Users/jscag/Development/code/flatiron/rails/swiss-mtg/app/models/user_tournament.rb": [
        1,
        1,
        1,
        null
      ]
    },
    "timestamp": 1385140324
  }
}
